#
# A fatal error has been detected by the Java Runtime Environment:
#
#  SIGSEGV (0xb) at pc=0x0000000100e46908, pid=19829, tid=17415
#
# JRE version: Java(TM) SE Runtime Environment (8.0_65-b17) (build 1.8.0_65-b17)
# Java VM: Java HotSpot(TM) 64-Bit Server VM (25.65-b01 mixed mode bsd-amd64 compressed oops)
# Problematic frame:
# V  [libjvm.dylib+0x446908]  Method::checked_resolve_jmethod_id(_jmethodID*)+0xe
#
# Failed to write core dump. Core dumps have been disabled. To enable core dumping, try "ulimit -c unlimited" before starting Java again
#
# If you would like to submit a bug report, please visit:
#   http://bugreport.java.com/bugreport/crash.jsp
#

---------------  T H R E A D  ---------------

Current thread (0x00007ff29c003000):  JavaThread "JDWP Transport Listener: dt_socket" daemon [_thread_in_vm, id=17415, stack(0x0000700009f10000,0x000070000a010000)]

siginfo: si_signo: 11 (SIGSEGV), si_code: 0 (unknown), si_addr: 0x0000000000000000

Registers:
RAX=0x0000000000000001, RBX=0x000070000a00fa8b, RCX=0x0000000101215310, RDX=0x000070000a00fa8b
RSP=0x000070000a00f9d0, RBP=0x000070000a00f9e0, RSI=0x00007ff29c003000, RDI=0x7250656d614e656e
R8 =0x0000000000000013, R9 =0x0000000000000000, R10=0x000007ff29d464c8, R11=0x0000000000000014
R12=0x00007ff29c003000, R13=0x7250656d614e656e, R14=0x7250656d614e656e, R15=0x00007ff29a60edd0
RIP=0x0000000100e46908, EFLAGS=0x0000000000010202, ERR=0x0000000000000000
  TRAPNO=0x000000000000000d

Top of Stack: (sp=0x000070000a00f9d0)
0x000070000a00f9d0:   000070000a00fa8b 000070000a00fa8b
0x000070000a00f9e0:   000070000a00fa40 0000000100d55a02
0x000070000a00f9f0:   00007ff29c003000 0000000000000000
0x000070000a00fa00:   0000000000000000 0000000000000000
0x000070000a00fa10:   00007ff29c003000 00007ff29c003000
0x000070000a00fa20:   000070000a00fa8b 000070000a00fa90
0x000070000a00fa30:   7250656d614e656e 0000000000000004
0x000070000a00fa40:   000070000a00fa60 0000000100181780
0x000070000a00fa50:   0000000000000001 000070000a00fb08
0x000070000a00fa60:   000070000a00fad0 00000001001661f3
0x000070000a00fa70:   000070000a00faa0 00007ff29d302ae0
0x000070000a00fa80:   0000000500000032 000000020000fb08
0x000070000a00fa90:   0000000000000000 0000000000000000
0x000070000a00faa0:   0000000000000000 000070000a00fc90
0x000070000a00fab0:   0000000100188e7a 00007ff29d42a030
0x000070000a00fac0:   000070000a00fb08 0000000100194598
0x000070000a00fad0:   000070000a00fae0 00000001001662ec
0x000070000a00fae0:   000070000a00fd00 000000010016f898
0x000070000a00faf0:   0001370400000013 00000000000f0200
0x000070000a00fb00:   00007ff29d4666e0 00007ff29d468e51
0x000070000a00fb10:   0000000000000047 00007ff29d464dc0
0x000070000a00fb20:   000004000000012c 000070000a00fb58
0x000070000a00fb30:   00007ff29d464dc0 00007f0000000000
0x000070000a00fb40:   000137040000001c 00007ff200003880
0x000070000a00fb50:   000070000a00fb58 f27f000005000000
0x000070000a00fb60:   060000001870379d 00003e74696e693c
0x000070000a00fb70:   0000005629280300 7f00000100000000
0x000070000a00fb80:   00000040fb1d9df2 52656372756f730d
0x000070000a00fb90:   0000646568636165 2f6d6f634c287600
0x000070000a00fba0:   6f6365756e657661 6c65646f6d2f6564
0x000070000a00fbb0:   3b68706172472f73 74752f6176616a4c
0x000070000a00fbc0:   3b7473694c2f6c69 616c2f6176616a4c 

Instructions: (pc=0x0000000100e46908)
0x0000000100e468e8:   40 48 48 85 c0 75 e0 30 c0 0f b6 c0 5d c3 31 c0
0x0000000100e468f8:   5d c3 55 48 89 e5 53 48 83 ec 08 48 85 ff 74 24
0x0000000100e46908:   48 8b 1f 48 85 db 74 1c 48 83 fb 37 74 16 48 8b
0x0000000100e46918:   03 48 89 df ff 50 10 84 c0 b8 00 00 00 00 48 0f 

Register to memory mapping:

RAX=0x0000000000000001 is an unknown value
RBX=0x000070000a00fa8b is pointing into the stack for thread: 0x00007ff29c003000
RCX=0x0000000101215310: UseMembar+0 in /Library/Java/JavaVirtualMachines/jdk1.8.0_65.jdk/Contents/Home/jre/lib/server/libjvm.dylib at 0x0000000100a00000
RDX=0x000070000a00fa8b is pointing into the stack for thread: 0x00007ff29c003000
RSP=0x000070000a00f9d0 is pointing into the stack for thread: 0x00007ff29c003000
RBP=0x000070000a00f9e0 is pointing into the stack for thread: 0x00007ff29c003000
RSI=0x00007ff29c003000 is a thread
RDI=0x7250656d614e656e is an unknown value
R8 =0x0000000000000013 is an unknown value
R9 =0x0000000000000000 is an unknown value
R10=0x000007ff29d464c8 is an unknown value
R11=0x0000000000000014 is an unknown value
R12=0x00007ff29c003000 is a thread
R13=0x7250656d614e656e is an unknown value
R14=0x7250656d614e656e is an unknown value
R15=0x00007ff29a60edd0 is an unknown value


Stack: [0x0000700009f10000,0x000070000a010000],  sp=0x000070000a00f9d0,  free space=1022k
Native frames: (J=compiled Java code, j=interpreted, Vv=VM code, C=native code)
V  [libjvm.dylib+0x446908]  Method::checked_resolve_jmethod_id(_jmethodID*)+0xe
V  [libjvm.dylib+0x355a02]  jvmti_IsMethodSynthetic+0xb2
C  [libjdwp.dylib+0x20780]  isMethodSynthetic+0x63
C  [libjdwp.dylib+0x51f3]  methods1+0x10b
C  [libjdwp.dylib+0x52ec]  methodsWithGeneric+0xe
C  [libjdwp.dylib+0xe898]  debugLoop_run+0x1ce
C  [libjdwp.dylib+0x1f6ba]  attachThread+0x4d
V  [libjvm.dylib+0x396d60]  JvmtiAgentThread::call_start_function()+0x38
V  [libjvm.dylib+0x5612d3]  JavaThread::thread_main_inner()+0x9b
V  [libjvm.dylib+0x5629ce]  JavaThread::run()+0x1c2
V  [libjvm.dylib+0x48342e]  java_start(Thread*)+0xf6
C  [libsystem_pthread.dylib+0x3661]  _pthread_body+0x154
C  [libsystem_pthread.dylib+0x350d]  _pthread_body+0x0
C  [libsystem_pthread.dylib+0x2bf9]  thread_start+0xd
C  0x0000000000000000


---------------  P R O C E S S  ---------------

Java Threads: ( => current thread )
  0x00007ff2a243f000 JavaThread "DestroyJavaVM" [_thread_blocked, id=6659, stack(0x00007000095f5000,0x00007000096f5000)]
  0x00007ff2a2d7f000 JavaThread "http-nio-8080-AsyncTimeout" daemon [_thread_blocked, id=24579, stack(0x000070000b95e000,0x000070000ba5e000)]
  0x00007ff2a243e800 JavaThread "http-nio-8080-Acceptor-0" daemon [_thread_in_native, id=37891, stack(0x000070000b85b000,0x000070000b95b000)]
  0x00007ff2a2469000 JavaThread "http-nio-8080-ClientPoller-1" daemon [_thread_in_native, id=38403, stack(0x000070000b758000,0x000070000b858000)]
  0x00007ff2a202b800 JavaThread "http-nio-8080-ClientPoller-0" daemon [_thread_in_native, id=23811, stack(0x000070000b655000,0x000070000b755000)]
  0x00007ff2a2bfb800 JavaThread "http-nio-8080-exec-10" daemon [_thread_blocked, id=38915, stack(0x000070000b552000,0x000070000b652000)]
  0x00007ff2a1a2b800 JavaThread "http-nio-8080-exec-9" daemon [_thread_blocked, id=39171, stack(0x000070000b44f000,0x000070000b54f000)]
  0x00007ff2a2bfb000 JavaThread "http-nio-8080-exec-8" daemon [_thread_blocked, id=23299, stack(0x000070000b34c000,0x000070000b44c000)]
  0x00007ff2a1a2a800 JavaThread "http-nio-8080-exec-7" daemon [_thread_blocked, id=39939, stack(0x000070000b249000,0x000070000b349000)]
  0x00007ff2a2bfa000 JavaThread "http-nio-8080-exec-6" daemon [_thread_blocked, id=40451, stack(0x000070000b146000,0x000070000b246000)]
  0x00007ff2a1a2f000 JavaThread "http-nio-8080-exec-5" daemon [_thread_blocked, id=40963, stack(0x000070000b043000,0x000070000b143000)]
  0x00007ff2a2bf9800 JavaThread "http-nio-8080-exec-4" daemon [_thread_blocked, id=41475, stack(0x000070000af40000,0x000070000b040000)]
  0x00007ff2a2bf8800 JavaThread "http-nio-8080-exec-3" daemon [_thread_blocked, id=41987, stack(0x000070000ae3d000,0x000070000af3d000)]
  0x00007ff2a31bc800 JavaThread "http-nio-8080-exec-2" daemon [_thread_blocked, id=42243, stack(0x000070000ad3a000,0x000070000ae3a000)]
  0x00007ff2a2468800 JavaThread "http-nio-8080-exec-1" daemon [_thread_blocked, id=3591, stack(0x000070000ac37000,0x000070000ad37000)]
  0x00007ff2a1c1b000 JavaThread "NioBlockingSelector.BlockPoller-1" daemon [_thread_in_native, id=3847, stack(0x00007000094ef000,0x00007000095ef000)]
  0x00007ff29e006800 JavaThread "Abandoned connection cleanup thread" daemon [_thread_blocked, id=22531, stack(0x000070000ab34000,0x000070000ac34000)]
  0x00007ff29c08e000 JavaThread "container-0" [_thread_blocked, id=43011, stack(0x000070000aa31000,0x000070000ab31000)]
  0x00007ff29c71c800 JavaThread "ContainerBackgroundProcessor[StandardEngine[Tomcat]]" daemon [_thread_blocked, id=22275, stack(0x000070000a92e000,0x000070000aa2e000)]
  0x00007ff29b034800 JavaThread "Service Thread" daemon [_thread_blocked, id=15619, stack(0x000070000a522000,0x000070000a622000)]
  0x00007ff29c007000 JavaThread "C1 CompilerThread2" daemon [_thread_blocked, id=13827, stack(0x000070000a41f000,0x000070000a51f000)]
  0x00007ff29c017800 JavaThread "C2 CompilerThread1" daemon [_thread_blocked, id=13315, stack(0x000070000a31c000,0x000070000a41c000)]
  0x00007ff29b822000 JavaThread "C2 CompilerThread0" daemon [_thread_blocked, id=16131, stack(0x000070000a219000,0x000070000a319000)]
  0x00007ff29b035800 JavaThread "JDWP Command Reader" daemon [_thread_in_native, id=13059, stack(0x000070000a116000,0x000070000a216000)]
  0x00007ff29c005800 JavaThread "JDWP Event Helper Thread" daemon [_thread_blocked, id=16899, stack(0x000070000a013000,0x000070000a113000)]
=>0x00007ff29c003000 JavaThread "JDWP Transport Listener: dt_socket" daemon [_thread_in_vm, id=17415, stack(0x0000700009f10000,0x000070000a010000)]
  0x00007ff29b034000 JavaThread "Signal Dispatcher" daemon [_thread_blocked, id=17667, stack(0x0000700009e0d000,0x0000700009f0d000)]
  0x00007ff29a817800 JavaThread "Finalizer" daemon [_thread_blocked, id=20483, stack(0x0000700009d0a000,0x0000700009e0a000)]
  0x00007ff29c002000 JavaThread "Reference Handler" daemon [_thread_blocked, id=20995, stack(0x0000700009c07000,0x0000700009d07000)]

Other Threads:
  0x00007ff29a803800 VMThread [stack: 0x0000700009b04000,0x0000700009c04000] [id=21251]
  0x00007ff29a83a000 WatcherThread [stack: 0x000070000a625000,0x000070000a725000] [id=14595]

VM state:not at safepoint (normal execution)

VM Mutex/Monitor currently owned by a thread: None

Heap:
 PSYoungGen      total 156672K, used 69144K [0x00000007aab00000, 0x00000007b7e00000, 0x00000007c0000000)
  eden space 144896K, 39% used [0x00000007aab00000,0x00000007ae30c6e0,0x00000007b3880000)
  from space 11776K, 99% used [0x00000007b3880000,0x00000007b43f99b8,0x00000007b4400000)
  to   space 13824K, 0% used [0x00000007b7080000,0x00000007b7080000,0x00000007b7e00000)
 ParOldGen       total 57344K, used 22080K [0x0000000780000000, 0x0000000783800000, 0x00000007aab00000)
  object space 57344K, 38% used [0x0000000780000000,0x0000000781590078,0x0000000783800000)
 Metaspace       used 46740K, capacity 47188K, committed 47656K, reserved 1091584K
  class space    used 6019K, capacity 6145K, committed 6192K, reserved 1048576K

Card table byte_map: [0x0000000101d52000,0x0000000101f53000] byte_map_base: 0x00000000fe152000

Marking Bits: (ParMarkBitMap*) 0x00000001012dee20
 Begin Bits: [0x00000001020a9000, 0x00000001030a9000)
 End Bits:   [0x00000001030a9000, 0x00000001040a9000)

Polling page: 0x0000000100160000

CodeCache: size=245760Kb used=12530Kb max_used=13325Kb free=233229Kb
 bounds [0x0000000108a92000, 0x00000001097b2000, 0x0000000117a92000]
 total_blobs=3880 nmethods=3366 adapters=434
 compilation: enabled

Compilation events (10 events):
Event: 265.453 Thread 0x00007ff29c007000 3976       3       java.util.Collections$SetFromMap::iterator (10 bytes)
Event: 265.454 Thread 0x00007ff29c007000 nmethod 3976 0x00000001092cc150 code [0x00000001092cc2c0, 0x00000001092cc4e8]
Event: 286.174 Thread 0x00007ff29c007000 3977   !   3       java.lang.ref.ReferenceQueue::remove (125 bytes)
Event: 286.212 Thread 0x00007ff29c007000 nmethod 3977 0x0000000108ffb7d0 code [0x0000000108ffb9c0, 0x0000000108ffc318]
Event: 291.182 Thread 0x00007ff29b822000 3978       4       java.io.File::<init> (113 bytes)
Event: 291.466 Thread 0x00007ff29b822000 nmethod 3978 0x0000000108cf54d0 code [0x0000000108cf56c0, 0x0000000108cf6668]
Event: 395.134 Thread 0x00007ff29c007000 3979       3       org.apache.catalina.webresources.CachedResource::getNextCheck (5 bytes)
Event: 395.144 Thread 0x00007ff29c007000 nmethod 3979 0x0000000108ffb490 code [0x0000000108ffb5e0, 0x0000000108ffb730]
Event: 425.154 Thread 0x00007ff29c007000 3980       1       org.apache.catalina.valves.ValveBase::getNext (5 bytes)
Event: 425.170 Thread 0x00007ff29c007000 nmethod 3980 0x00000001093a1990 code [0x00000001093a1ae0, 0x00000001093a1bf0]

GC Heap History (10 events):
Event: 4.093 GC heap before
{Heap before GC invocations=9 (full 1):
 PSYoungGen      total 72192K, used 64512K [0x00000007aab00000, 0x00000007b3800000, 0x00000007c0000000)
  eden space 64512K, 100% used [0x00000007aab00000,0x00000007aea00000,0x00000007aea00000)
  from space 7680K, 0% used [0x00000007aea00000,0x00000007aea00000,0x00000007af180000)
  to   space 7680K, 0% used [0x00000007b3080000,0x00000007b3080000,0x00000007b3800000)
 ParOldGen       total 32256K, used 6609K [0x0000000780000000, 0x0000000781f80000, 0x00000007aab00000)
  object space 32256K, 20% used [0x0000000780000000,0x00000007806746f0,0x0000000781f80000)
 Metaspace       used 24380K, capacity 24740K, committed 25136K, reserved 1071104K
  class space    used 2992K, capacity 3075K, committed 3120K, reserved 1048576K
Event: 4.107 GC heap after
Heap after GC invocations=9 (full 1):
 PSYoungGen      total 112128K, used 5300K [0x00000007aab00000, 0x00000007b3600000, 0x00000007c0000000)
  eden space 106496K, 0% used [0x00000007aab00000,0x00000007aab00000,0x00000007b1300000)
  from space 5632K, 94% used [0x00000007b3080000,0x00000007b35ad3f0,0x00000007b3600000)
  to   space 7680K, 0% used [0x00000007b2700000,0x00000007b2700000,0x00000007b2e80000)
 ParOldGen       total 32256K, used 6617K [0x0000000780000000, 0x0000000781f80000, 0x00000007aab00000)
  object space 32256K, 20% used [0x0000000780000000,0x00000007806766f0,0x0000000781f80000)
 Metaspace       used 24380K, capacity 24740K, committed 25136K, reserved 1071104K
  class space    used 2992K, capacity 3075K, committed 3120K, reserved 1048576K
}
Event: 5.783 GC heap before
{Heap before GC invocations=10 (full 1):
 PSYoungGen      total 112128K, used 111796K [0x00000007aab00000, 0x00000007b3600000, 0x00000007c0000000)
  eden space 106496K, 100% used [0x00000007aab00000,0x00000007b1300000,0x00000007b1300000)
  from space 5632K, 94% used [0x00000007b3080000,0x00000007b35ad3f0,0x00000007b3600000)
  to   space 7680K, 0% used [0x00000007b2700000,0x00000007b2700000,0x00000007b2e80000)
 ParOldGen       total 32256K, used 6617K [0x0000000780000000, 0x0000000781f80000, 0x00000007aab00000)
  object space 32256K, 20% used [0x0000000780000000,0x00000007806766f0,0x0000000781f80000)
 Metaspace       used 30661K, capacity 31012K, committed 31280K, reserved 1077248K
  class space    used 3729K, capacity 3843K, committed 3888K, reserved 1048576K
Event: 5.808 GC heap after
Heap after GC invocations=10 (full 1):
 PSYoungGen      total 134656K, used 7677K [0x00000007aab00000, 0x00000007b4e80000, 0x00000007c0000000)
  eden space 126976K, 0% used [0x00000007aab00000,0x00000007aab00000,0x00000007b2700000)
  from space 7680K, 99% used [0x00000007b2700000,0x00000007b2e7f7b8,0x00000007b2e80000)
  to   space 10752K, 0% used [0x00000007b4400000,0x00000007b4400000,0x00000007b4e80000)
 ParOldGen       total 32256K, used 12312K [0x0000000780000000, 0x0000000781f80000, 0x00000007aab00000)
  object space 32256K, 38% used [0x0000000780000000,0x0000000780c06248,0x0000000781f80000)
 Metaspace       used 30661K, capacity 31012K, committed 31280K, reserved 1077248K
  class space    used 3729K, capacity 3843K, committed 3888K, reserved 1048576K
}
Event: 6.602 GC heap before
{Heap before GC invocations=11 (full 1):
 PSYoungGen      total 134656K, used 40654K [0x00000007aab00000, 0x00000007b4e80000, 0x00000007c0000000)
  eden space 126976K, 25% used [0x00000007aab00000,0x00000007acb34380,0x00000007b2700000)
  from space 7680K, 99% used [0x00000007b2700000,0x00000007b2e7f7b8,0x00000007b2e80000)
  to   space 10752K, 0% used [0x00000007b4400000,0x00000007b4400000,0x00000007b4e80000)
 ParOldGen       total 32256K, used 12312K [0x0000000780000000, 0x0000000781f80000, 0x00000007aab00000)
  object space 32256K, 38% used [0x0000000780000000,0x0000000780c06248,0x0000000781f80000)
 Metaspace       used 34799K, capacity 35156K, committed 35496K, reserved 1081344K
  class space    used 4389K, capacity 4491K, committed 4528K, reserved 1048576K
Event: 6.623 GC heap after
Heap after GC invocations=11 (full 1):
 PSYoungGen      total 155648K, used 9272K [0x00000007aab00000, 0x00000007b6b80000, 0x00000007c0000000)
  eden space 144896K, 0% used [0x00000007aab00000,0x00000007aab00000,0x00000007b3880000)
  from space 10752K, 86% used [0x00000007b4400000,0x00000007b4d0e0e8,0x00000007b4e80000)
  to   space 11776K, 0% used [0x00000007b3880000,0x00000007b3880000,0x00000007b4400000)
 ParOldGen       total 32256K, used 15148K [0x0000000780000000, 0x0000000781f80000, 0x00000007aab00000)
  object space 32256K, 46% used [0x0000000780000000,0x0000000780ecb288,0x0000000781f80000)
 Metaspace       used 34799K, capacity 35156K, committed 35496K, reserved 1081344K
  class space    used 4389K, capacity 4491K, committed 4528K, reserved 1048576K
}
Event: 6.623 GC heap before
{Heap before GC invocations=12 (full 2):
 PSYoungGen      total 155648K, used 9272K [0x00000007aab00000, 0x00000007b6b80000, 0x00000007c0000000)
  eden space 144896K, 0% used [0x00000007aab00000,0x00000007aab00000,0x00000007b3880000)
  from space 10752K, 86% used [0x00000007b4400000,0x00000007b4d0e0e8,0x00000007b4e80000)
  to   space 11776K, 0% used [0x00000007b3880000,0x00000007b3880000,0x00000007b4400000)
 ParOldGen       total 32256K, used 15148K [0x0000000780000000, 0x0000000781f80000, 0x00000007aab00000)
  object space 32256K, 46% used [0x0000000780000000,0x0000000780ecb288,0x0000000781f80000)
 Metaspace       used 34799K, capacity 35156K, committed 35496K, reserved 1081344K
  class space    used 4389K, capacity 4491K, committed 4528K, reserved 1048576K
Event: 6.731 GC heap after
Heap after GC invocations=12 (full 2):
 PSYoungGen      total 155648K, used 0K [0x00000007aab00000, 0x00000007b6b80000, 0x00000007c0000000)
  eden space 144896K, 0% used [0x00000007aab00000,0x00000007aab00000,0x00000007b3880000)
  from space 10752K, 0% used [0x00000007b4400000,0x00000007b4400000,0x00000007b4e80000)
  to   space 11776K, 0% used [0x00000007b3880000,0x00000007b3880000,0x00000007b4400000)
 ParOldGen       total 57344K, used 20216K [0x0000000780000000, 0x0000000783800000, 0x00000007aab00000)
  object space 57344K, 35% used [0x0000000780000000,0x00000007813be1e0,0x0000000783800000)
 Metaspace       used 34799K, capacity 35156K, committed 35496K, reserved 1081344K
  class space    used 4389K, capacity 4491K, committed 4528K, reserved 1048576K
}
Event: 9.968 GC heap before
{Heap before GC invocations=13 (full 2):
 PSYoungGen      total 155648K, used 144896K [0x00000007aab00000, 0x00000007b6b80000, 0x00000007c0000000)
  eden space 144896K, 100% used [0x00000007aab00000,0x00000007b3880000,0x00000007b3880000)
  from space 10752K, 0% used [0x00000007b4400000,0x00000007b4400000,0x00000007b4e80000)
  to   space 11776K, 0% used [0x00000007b3880000,0x00000007b3880000,0x00000007b4400000)
 ParOldGen       total 57344K, used 20216K [0x0000000780000000, 0x0000000783800000, 0x00000007aab00000)
  object space 57344K, 35% used [0x0000000780000000,0x00000007813be1e0,0x0000000783800000)
 Metaspace       used 43712K, capacity 44144K, committed 44712K, reserved 1087488K
  class space    used 5632K, capacity 5749K, committed 5808K, reserved 1048576K
Event: 9.993 GC heap after
Heap after GC invocations=13 (full 2):
 PSYoungGen      total 156672K, used 11750K [0x00000007aab00000, 0x00000007b7e00000, 0x00000007c0000000)
  eden space 144896K, 0% used [0x00000007aab00000,0x00000007aab00000,0x00000007b3880000)
  from space 11776K, 99% used [0x00000007b3880000,0x00000007b43f99b8,0x00000007b4400000)
  to   space 13824K, 0% used [0x00000007b7080000,0x00000007b7080000,0x00000007b7e00000)
 ParOldGen       total 57344K, used 22080K [0x0000000780000000, 0x0000000783800000, 0x00000007aab00000)
  object space 57344K, 38% used [0x0000000780000000,0x0000000781590078,0x0000000783800000)
 Metaspace       used 43712K, capacity 44144K, committed 44712K, reserved 1087488K
  class space    used 5632K, capacity 5749K, committed 5808K, reserved 1048576K
}

Deoptimization events (10 events):
Event: 35.523 Thread 0x00007ff2a2468800 Uncommon trap: reason=unhandled action=none pc=0x0000000108bbb91c method=java.net.URLClassLoader.findClass(Ljava/lang/String;)Ljava/lang/Class; @ 44
Event: 35.523 Thread 0x00007ff2a2468800 Uncommon trap: reason=unhandled action=none pc=0x0000000108bbb91c method=java.net.URLClassLoader.findClass(Ljava/lang/String;)Ljava/lang/Class; @ 44
Event: 35.532 Thread 0x00007ff2a2468800 Uncommon trap: reason=unhandled action=none pc=0x0000000108bbb91c method=java.net.URLClassLoader.findClass(Ljava/lang/String;)Ljava/lang/Class; @ 44
Event: 35.533 Thread 0x00007ff2a2468800 Uncommon trap: reason=unhandled action=none pc=0x0000000108bbb91c method=java.net.URLClassLoader.findClass(Ljava/lang/String;)Ljava/lang/Class; @ 44
Event: 35.538 Thread 0x00007ff2a2468800 Uncommon trap: reason=unhandled action=none pc=0x0000000108bbb91c method=java.net.URLClassLoader.findClass(Ljava/lang/String;)Ljava/lang/Class; @ 44
Event: 35.543 Thread 0x00007ff2a2468800 Uncommon trap: reason=unhandled action=none pc=0x0000000108bbb91c method=java.net.URLClassLoader.findClass(Ljava/lang/String;)Ljava/lang/Class; @ 44
Event: 35.549 Thread 0x00007ff2a2468800 Uncommon trap: reason=unhandled action=none pc=0x0000000108bbb91c method=java.net.URLClassLoader.findClass(Ljava/lang/String;)Ljava/lang/Class; @ 44
Event: 35.558 Thread 0x00007ff2a2468800 Uncommon trap: reason=unhandled action=none pc=0x0000000108bbb91c method=java.net.URLClassLoader.findClass(Ljava/lang/String;)Ljava/lang/Class; @ 44
Event: 35.558 Thread 0x00007ff2a2468800 Uncommon trap: reason=unhandled action=none pc=0x0000000108bbb91c method=java.net.URLClassLoader.findClass(Ljava/lang/String;)Ljava/lang/Class; @ 44
Event: 35.560 Thread 0x00007ff2a2468800 Uncommon trap: reason=unhandled action=none pc=0x0000000108bbb91c method=java.net.URLClassLoader.findClass(Ljava/lang/String;)Ljava/lang/Class; @ 44

Internal exceptions (10 events):
Event: 15.772 Thread 0x00007ff2a2468800 Exception <a 'java/lang/ClassNotFoundException': org/springframework/web/servlet/support/AbstractFlashMapManagerCustomizer> (0x00000007ad427580) thrown at [/Users/java_re/workspace/8-2-build-macosx-x86_64/jdk8u65/4987/hotspot/src/share/vm/classfile/system
Event: 15.773 Thread 0x00007ff2a2468800 Exception <a 'java/lang/ClassNotFoundException': org/springframework/web/servlet/support/SessionFlashMapManagerCustomizer> (0x00000007ad444240) thrown at [/Users/java_re/workspace/8-2-build-macosx-x86_64/jdk8u65/4987/hotspot/src/share/vm/classfile/systemD
Event: 15.775 Thread 0x00007ff2a2468800 Exception <a 'java/lang/ClassNotFoundException': org/springframework/web/servlet/FlashMapManagerCustomizer> (0x00000007ad4595b0) thrown at [/Users/java_re/workspace/8-2-build-macosx-x86_64/jdk8u65/4987/hotspot/src/share/vm/classfile/systemDictionary.cpp, 
Event: 15.856 Thread 0x00007ff2a2468800 Implicit null exception at 0x000000010976f296 to 0x0000000109780305
Event: 35.427 Thread 0x00007ff2a2468800 Exception <a 'java/lang/ArrayIndexOutOfBoundsException': 78> (0x00000007ade00458) thrown at [/Users/java_re/workspace/8-2-build-macosx-x86_64/jdk8u65/4987/hotspot/src/share/vm/interpreter/interpreterRuntime.cpp, line 366]
Event: 35.427 Thread 0x00007ff2a2468800 Exception <a 'java/lang/ArrayIndexOutOfBoundsException': 139> (0x00000007ade021a8) thrown at [/Users/java_re/workspace/8-2-build-macosx-x86_64/jdk8u65/4987/hotspot/src/share/vm/interpreter/interpreterRuntime.cpp, line 366]
Event: 35.427 Thread 0x00007ff2a2468800 Exception <a 'java/lang/ArrayIndexOutOfBoundsException': 139> (0x00000007ade040c0) thrown at [/Users/java_re/workspace/8-2-build-macosx-x86_64/jdk8u65/4987/hotspot/src/share/vm/interpreter/interpreterRuntime.cpp, line 366]
Event: 35.427 Thread 0x00007ff2a2468800 Exception <a 'java/lang/ArrayIndexOutOfBoundsException': 92> (0x00000007ade059a0) thrown at [/Users/java_re/workspace/8-2-build-macosx-x86_64/jdk8u65/4987/hotspot/src/share/vm/interpreter/interpreterRuntime.cpp, line 366]
Event: 35.435 Thread 0x00007ff2a2468800 Exception <a 'java/lang/ArrayIndexOutOfBoundsException': 54> (0x00000007ade47560) thrown at [/Users/java_re/workspace/8-2-build-macosx-x86_64/jdk8u65/4987/hotspot/src/share/vm/interpreter/interpreterRuntime.cpp, line 366]
Event: 35.517 Thread 0x00007ff2a2468800 Exception <a 'java/lang/ArrayIndexOutOfBoundsException': 67> (0x00000007adf8e5b8) thrown at [/Users/java_re/workspace/8-2-build-macosx-x86_64/jdk8u65/4987/hotspot/src/share/vm/interpreter/interpreterRuntime.cpp, line 366]

Events (10 events):
Event: 35.560 Thread 0x00007ff2a2468800 DEOPT PACKING pc=0x00000001093319ec sp=0x000070000ad33210
Event: 35.560 Thread 0x00007ff2a2468800 DEOPT UNPACKING pc=0x0000000108ad9633 sp=0x000070000ad32ee0 mode 1
Event: 35.567 Executing VM operation: RevokeBias
Event: 35.567 Executing VM operation: RevokeBias done
Event: 95.851 Executing VM operation: RevokeBias
Event: 95.859 Executing VM operation: RevokeBias done
Event: 96.149 Executing VM operation: RevokeBias
Event: 96.149 Executing VM operation: RevokeBias done
Event: 448.686 Executing VM operation: RedefineClasses
Event: 451.041 Executing VM operation: RedefineClasses done


Dynamic libraries:
0x000000001c43d000 	/System/Library/Frameworks/Cocoa.framework/Versions/A/Cocoa
0x000000001c43d000 	/System/Library/Frameworks/Security.framework/Versions/A/Security
0x000000001c43d000 	/System/Library/Frameworks/ApplicationServices.framework/Versions/A/ApplicationServices
0x000000001c43d000 	/usr/lib/libz.1.dylib
0x000000001c43d000 	/usr/lib/libSystem.B.dylib
0x000000001c43d000 	/usr/lib/libobjc.A.dylib
0x000000001c43d000 	/System/Library/Frameworks/CoreFoundation.framework/Versions/A/CoreFoundation
0x000000001c43d000 	/System/Library/Frameworks/Foundation.framework/Versions/C/Foundation
0x000000001c43d000 	/System/Library/Frameworks/AppKit.framework/Versions/C/AppKit
0x000000001c43d000 	/System/Library/Frameworks/CoreData.framework/Versions/A/CoreData
0x000000001c43d000 	/System/Library/PrivateFrameworks/RemoteViewServices.framework/Versions/A/RemoteViewServices
0x000000001c43d000 	/System/Library/PrivateFrameworks/UIFoundation.framework/Versions/A/UIFoundation
0x000000001c43d000 	/System/Library/PrivateFrameworks/DFRFoundation.framework/Versions/A/DFRFoundation
0x000000001c43d000 	/System/Library/Frameworks/Metal.framework/Versions/A/Metal
0x000000001c43d000 	/System/Library/PrivateFrameworks/DesktopServicesPriv.framework/Versions/A/DesktopServicesPriv
0x000000001c43d000 	/usr/lib/libenergytrace.dylib
0x000000001c43d000 	/System/Library/PrivateFrameworks/SkyLight.framework/Versions/A/SkyLight
0x000000001c43d000 	/System/Library/Frameworks/CoreGraphics.framework/Versions/A/CoreGraphics
0x000000001c43d000 	/usr/lib/libScreenReader.dylib
0x000000001c43d000 	/System/Library/Frameworks/Accelerate.framework/Versions/A/Accelerate
0x000000001c43d000 	/System/Library/Frameworks/IOSurface.framework/Versions/A/IOSurface
0x000000001c43d000 	/System/Library/Frameworks/AudioToolbox.framework/Versions/A/AudioToolbox
0x000000001c43d000 	/System/Library/Frameworks/AudioUnit.framework/Versions/A/AudioUnit
0x000000001c43d000 	/System/Library/PrivateFrameworks/DataDetectorsCore.framework/Versions/A/DataDetectorsCore
0x000000001c43d000 	/System/Library/Frameworks/Carbon.framework/Versions/A/Frameworks/HIToolbox.framework/Versions/A/HIToolbox
0x000000001c43d000 	/usr/lib/libicucore.A.dylib
0x000000001c43d000 	/System/Library/Frameworks/QuartzCore.framework/Versions/A/QuartzCore
0x000000001c43d000 	/System/Library/PrivateFrameworks/SignpostNotification.framework/Versions/A/SignpostNotification
0x000000001c43d000 	/System/Library/Frameworks/Carbon.framework/Versions/A/Frameworks/SpeechRecognition.framework/Versions/A/SpeechRecognition
0x000000001c43d000 	/usr/lib/libauto.dylib
0x000000001c43d000 	/usr/lib/libxml2.2.dylib
0x000000001c43d000 	/System/Library/PrivateFrameworks/CoreUI.framework/Versions/A/CoreUI
0x000000001c43d000 	/System/Library/Frameworks/CoreAudio.framework/Versions/A/CoreAudio
0x000000001c43d000 	/System/Library/Frameworks/DiskArbitration.framework/Versions/A/DiskArbitration
0x000000001c43d000 	/usr/lib/liblangid.dylib
0x000000001c43d000 	/System/Library/PrivateFrameworks/MultitouchSupport.framework/Versions/A/MultitouchSupport
0x000000001c43d000 	/System/Library/Frameworks/IOKit.framework/Versions/A/IOKit
0x000000001c43d000 	/usr/lib/libDiagnosticMessagesClient.dylib
0x000000001c43d000 	/System/Library/Frameworks/CoreServices.framework/Versions/A/CoreServices
0x000000001c43d000 	/System/Library/PrivateFrameworks/PerformanceAnalysis.framework/Versions/A/PerformanceAnalysis
0x000000001c43d000 	/System/Library/Frameworks/OpenGL.framework/Versions/A/OpenGL
0x000000001c43d000 	/System/Library/Frameworks/ColorSync.framework/Versions/A/ColorSync
0x000000001c43d000 	/System/Library/Frameworks/CoreImage.framework/Versions/A/CoreImage
0x000000001c43d000 	/System/Library/Frameworks/CoreText.framework/Versions/A/CoreText
0x000000001c43d000 	/System/Library/Frameworks/ImageIO.framework/Versions/A/ImageIO
0x000000001c43d000 	/System/Library/PrivateFrameworks/Backup.framework/Versions/A/Backup
0x000000001c43d000 	/usr/lib/libarchive.2.dylib
0x000000001c43d000 	/System/Library/Frameworks/CFNetwork.framework/Versions/A/CFNetwork
0x000000001c43d000 	/System/Library/Frameworks/SystemConfiguration.framework/Versions/A/SystemConfiguration
0x000000001c43d000 	/usr/lib/libCRFSuite.dylib
0x000000001c43d000 	/usr/lib/libc++.1.dylib
0x000000001c43d000 	/usr/lib/libc++abi.dylib
0x000000001c43d000 	/usr/lib/system/libcache.dylib
0x000000001c43d000 	/usr/lib/system/libcommonCrypto.dylib
0x000000001c43d000 	/usr/lib/system/libcompiler_rt.dylib
0x000000001c43d000 	/usr/lib/system/libcopyfile.dylib
0x000000001c43d000 	/usr/lib/system/libcorecrypto.dylib
0x000000001c43d000 	/usr/lib/system/libdispatch.dylib
0x000000001c43d000 	/usr/lib/system/libdyld.dylib
0x000000001c43d000 	/usr/lib/system/libkeymgr.dylib
0x000000001c43d000 	/usr/lib/system/liblaunch.dylib
0x000000001c43d000 	/usr/lib/system/libmacho.dylib
0x000000001c43d000 	/usr/lib/system/libquarantine.dylib
0x000000001c43d000 	/usr/lib/system/libremovefile.dylib
0x000000001c43d000 	/usr/lib/system/libsystem_asl.dylib
0x000000001c43d000 	/usr/lib/system/libsystem_blocks.dylib
0x000000001c43d000 	/usr/lib/system/libsystem_c.dylib
0x000000001c43d000 	/usr/lib/system/libsystem_configuration.dylib
0x000000001c43d000 	/usr/lib/system/libsystem_coreservices.dylib
0x000000001c43d000 	/usr/lib/system/libsystem_darwin.dylib
0x000000001c43d000 	/usr/lib/system/libsystem_dnssd.dylib
0x000000001c43d000 	/usr/lib/system/libsystem_info.dylib
0x000000001c43d000 	/usr/lib/system/libsystem_m.dylib
0x000000001c43d000 	/usr/lib/system/libsystem_malloc.dylib
0x000000001c43d000 	/usr/lib/system/libsystem_network.dylib
0x000000001c43d000 	/usr/lib/system/libsystem_networkextension.dylib
0x000000001c43d000 	/usr/lib/system/libsystem_notify.dylib
0x000000001c43d000 	/usr/lib/system/libsystem_sandbox.dylib
0x000000001c43d000 	/usr/lib/system/libsystem_secinit.dylib
0x000000001c43d000 	/usr/lib/system/libsystem_kernel.dylib
0x000000001c43d000 	/usr/lib/system/libsystem_platform.dylib
0x000000001c43d000 	/usr/lib/system/libsystem_pthread.dylib
0x000000001c43d000 	/usr/lib/system/libsystem_symptoms.dylib
0x000000001c43d000 	/usr/lib/system/libsystem_trace.dylib
0x000000001c43d000 	/usr/lib/system/libunwind.dylib
0x000000001c43d000 	/usr/lib/system/libxpc.dylib
0x000000001c43d000 	/usr/lib/closure/libclosured.dylib
0x000000001c43d000 	/usr/lib/libbsm.0.dylib
0x000000001c43d000 	/usr/lib/system/libkxld.dylib
0x000000001c43d000 	/usr/lib/libOpenScriptingUtil.dylib
0x000000001c43d000 	/usr/lib/libcoretls.dylib
0x000000001c43d000 	/usr/lib/libcoretls_cfhelpers.dylib
0x000000001c43d000 	/usr/lib/libpam.2.dylib
0x000000001c43d000 	/usr/lib/libsqlite3.dylib
0x000000001c43d000 	/usr/lib/libxar.1.dylib
0x000000001c43d000 	/usr/lib/libbz2.1.0.dylib
0x000000001c43d000 	/usr/lib/liblzma.5.dylib
0x000000001c43d000 	/usr/lib/libnetwork.dylib
0x000000001c43d000 	/usr/lib/libapple_nghttp2.dylib
0x000000001c43d000 	/usr/lib/libpcap.A.dylib
0x000000001c43d000 	/usr/lib/libboringssl.dylib
0x000000001c43d000 	/usr/lib/libusrtcp.dylib
0x000000001c43d000 	/usr/lib/libapple_crypto.dylib
0x000000001c43d000 	/System/Library/Frameworks/CoreServices.framework/Versions/A/Frameworks/FSEvents.framework/Versions/A/FSEvents
0x000000001c43d000 	/System/Library/Frameworks/CoreServices.framework/Versions/A/Frameworks/CarbonCore.framework/Versions/A/CarbonCore
0x000000001c43d000 	/System/Library/Frameworks/CoreServices.framework/Versions/A/Frameworks/Metadata.framework/Versions/A/Metadata
0x000000001c43d000 	/System/Library/Frameworks/CoreServices.framework/Versions/A/Frameworks/OSServices.framework/Versions/A/OSServices
0x000000001c43d000 	/System/Library/Frameworks/CoreServices.framework/Versions/A/Frameworks/SearchKit.framework/Versions/A/SearchKit
0x000000001c43d000 	/System/Library/Frameworks/CoreServices.framework/Versions/A/Frameworks/AE.framework/Versions/A/AE
0x000000001c43d000 	/System/Library/Frameworks/CoreServices.framework/Versions/A/Frameworks/LaunchServices.framework/Versions/A/LaunchServices
0x000000001c43d000 	/System/Library/Frameworks/CoreServices.framework/Versions/A/Frameworks/DictionaryServices.framework/Versions/A/DictionaryServices
0x000000001c43d000 	/System/Library/Frameworks/CoreServices.framework/Versions/A/Frameworks/SharedFileList.framework/Versions/A/SharedFileList
0x000000001c43d000 	/System/Library/Frameworks/NetFS.framework/Versions/A/NetFS
0x000000001c43d000 	/System/Library/PrivateFrameworks/NetAuth.framework/Versions/A/NetAuth
0x000000001c43d000 	/System/Library/PrivateFrameworks/login.framework/Versions/A/Frameworks/loginsupport.framework/Versions/A/loginsupport
0x000000001c43d000 	/System/Library/PrivateFrameworks/TCC.framework/Versions/A/TCC
0x000000001c43d000 	/usr/lib/libmecabra.dylib
0x000000001c43d000 	/System/Library/Frameworks/ApplicationServices.framework/Versions/A/Frameworks/ATS.framework/Versions/A/ATS
0x000000001c43d000 	/System/Library/Frameworks/ApplicationServices.framework/Versions/A/Frameworks/ColorSyncLegacy.framework/Versions/A/ColorSyncLegacy
0x000000001c43d000 	/System/Library/Frameworks/ApplicationServices.framework/Versions/A/Frameworks/HIServices.framework/Versions/A/HIServices
0x000000001c43d000 	/System/Library/Frameworks/ApplicationServices.framework/Versions/A/Frameworks/LangAnalysis.framework/Versions/A/LangAnalysis
0x000000001c43d000 	/System/Library/Frameworks/ApplicationServices.framework/Versions/A/Frameworks/PrintCore.framework/Versions/A/PrintCore
0x000000001c43d000 	/System/Library/Frameworks/ApplicationServices.framework/Versions/A/Frameworks/QD.framework/Versions/A/QD
0x000000001c43d000 	/System/Library/Frameworks/ApplicationServices.framework/Versions/A/Frameworks/SpeechSynthesis.framework/Versions/A/SpeechSynthesis
0x000000001c43d000 	/System/Library/Frameworks/CoreDisplay.framework/Versions/A/CoreDisplay
0x000000001c43d000 	/System/Library/Frameworks/Accelerate.framework/Versions/A/Frameworks/vImage.framework/Versions/A/vImage
0x000000001c43d000 	/System/Library/Frameworks/Accelerate.framework/Versions/A/Frameworks/vecLib.framework/Versions/A/vecLib
0x000000001c43d000 	/System/Library/Frameworks/Accelerate.framework/Versions/A/Frameworks/vecLib.framework/Versions/A/libvDSP.dylib
0x000000001c43d000 	/System/Library/Frameworks/Accelerate.framework/Versions/A/Frameworks/vecLib.framework/Versions/A/libBNNS.dylib
0x000000001c43d000 	/System/Library/Frameworks/Accelerate.framework/Versions/A/Frameworks/vecLib.framework/Versions/A/libQuadrature.dylib
0x000000001c43d000 	/System/Library/Frameworks/Accelerate.framework/Versions/A/Frameworks/vecLib.framework/Versions/A/libvMisc.dylib
0x000000001c43d000 	/System/Library/Frameworks/Accelerate.framework/Versions/A/Frameworks/vecLib.framework/Versions/A/libLAPACK.dylib
0x000000001c43d000 	/System/Library/Frameworks/Accelerate.framework/Versions/A/Frameworks/vecLib.framework/Versions/A/libBLAS.dylib
0x000000001c43d000 	/System/Library/Frameworks/Accelerate.framework/Versions/A/Frameworks/vecLib.framework/Versions/A/libLinearAlgebra.dylib
0x000000001c43d000 	/System/Library/Frameworks/Accelerate.framework/Versions/A/Frameworks/vecLib.framework/Versions/A/libSparse.dylib
0x000000001c43d000 	/System/Library/Frameworks/Accelerate.framework/Versions/A/Frameworks/vecLib.framework/Versions/A/libSparseBLAS.dylib
0x000000001c43d000 	/System/Library/PrivateFrameworks/GPUWrangler.framework/Versions/A/GPUWrangler
0x000000001c43d000 	/System/Library/PrivateFrameworks/IOAccelerator.framework/Versions/A/IOAccelerator
0x000000001c43d000 	/System/Library/PrivateFrameworks/IOPresentment.framework/Versions/A/IOPresentment
0x000000001c43d000 	/System/Library/PrivateFrameworks/DSExternalDisplay.framework/Versions/A/DSExternalDisplay
0x000000001c43d000 	/System/Library/Frameworks/OpenGL.framework/Versions/A/Libraries/libCoreFSCache.dylib
0x000000001c43d000 	/System/Library/Frameworks/CoreVideo.framework/Versions/A/CoreVideo
0x000000001c43d000 	/System/Library/PrivateFrameworks/GraphVisualizer.framework/Versions/A/GraphVisualizer
0x000000001c43d000 	/System/Library/Frameworks/MetalPerformanceShaders.framework/Versions/A/MetalPerformanceShaders
0x000000001c43d000 	/usr/lib/libFosl_dynamic.dylib
0x000000001c43d000 	/System/Library/PrivateFrameworks/FaceCore.framework/Versions/A/FaceCore
0x000000001c43d000 	/System/Library/Frameworks/OpenCL.framework/Versions/A/OpenCL
0x000000001c43d000 	/usr/lib/libcompression.dylib
0x000000001c43d000 	/System/Library/Frameworks/ApplicationServices.framework/Versions/A/Frameworks/ATS.framework/Versions/A/Resources/libFontParser.dylib
0x000000001c43d000 	/System/Library/Frameworks/ApplicationServices.framework/Versions/A/Frameworks/ATS.framework/Versions/A/Resources/libFontRegistry.dylib
0x000000001c43d000 	/System/Library/Frameworks/ImageIO.framework/Versions/A/Resources/libJPEG.dylib
0x000000001c43d000 	/System/Library/Frameworks/ImageIO.framework/Versions/A/Resources/libTIFF.dylib
0x000000001c43d000 	/System/Library/Frameworks/ImageIO.framework/Versions/A/Resources/libPng.dylib
0x000000001c43d000 	/System/Library/Frameworks/ImageIO.framework/Versions/A/Resources/libGIF.dylib
0x000000001c43d000 	/System/Library/Frameworks/ImageIO.framework/Versions/A/Resources/libJP2.dylib
0x000000001c43d000 	/System/Library/Frameworks/ImageIO.framework/Versions/A/Resources/libRadiance.dylib
0x000000001c43d000 	/System/Library/PrivateFrameworks/AppleJPEG.framework/Versions/A/AppleJPEG
0x000000001c43d000 	/System/Library/Frameworks/MetalPerformanceShaders.framework/Frameworks/MPSCore.framework/Versions/A/MPSCore
0x000000001c43d000 	/System/Library/Frameworks/MetalPerformanceShaders.framework/Frameworks/MPSImage.framework/Versions/A/MPSImage
0x000000001c43d000 	/System/Library/Frameworks/MetalPerformanceShaders.framework/Frameworks/MPSNeuralNetwork.framework/Versions/A/MPSNeuralNetwork
0x000000001c43d000 	/System/Library/Frameworks/MetalPerformanceShaders.framework/Frameworks/MPSMatrix.framework/Versions/A/MPSMatrix
0x000000001c43d000 	/System/Library/PrivateFrameworks/MetalTools.framework/Versions/A/MetalTools
0x000000001c43d000 	/System/Library/Frameworks/OpenGL.framework/Versions/A/Libraries/libGLU.dylib
0x000000001c43d000 	/System/Library/Frameworks/OpenGL.framework/Versions/A/Libraries/libGFXShared.dylib
0x000000001c43d000 	/System/Library/Frameworks/OpenGL.framework/Versions/A/Libraries/libGL.dylib
0x000000001c43d000 	/System/Library/Frameworks/OpenGL.framework/Versions/A/Libraries/libGLImage.dylib
0x000000001c43d000 	/System/Library/Frameworks/OpenGL.framework/Versions/A/Libraries/libCVMSPluginSupport.dylib
0x000000001c43d000 	/System/Library/Frameworks/OpenGL.framework/Versions/A/Libraries/libCoreVMClient.dylib
0x000000001c43d000 	/usr/lib/libcups.2.dylib
0x000000001c43d000 	/System/Library/Frameworks/Kerberos.framework/Versions/A/Kerberos
0x000000001c43d000 	/System/Library/Frameworks/GSS.framework/Versions/A/GSS
0x000000001c43d000 	/usr/lib/libresolv.9.dylib
0x000000001c43d000 	/usr/lib/libiconv.2.dylib
0x000000001c43d000 	/System/Library/PrivateFrameworks/Heimdal.framework/Versions/A/Heimdal
0x000000001c43d000 	/usr/lib/libheimdal-asn1.dylib
0x000000001c43d000 	/System/Library/Frameworks/OpenDirectory.framework/Versions/A/OpenDirectory
0x000000001c43d000 	/System/Library/PrivateFrameworks/CommonAuth.framework/Versions/A/CommonAuth
0x000000001c43d000 	/System/Library/Frameworks/OpenDirectory.framework/Versions/A/Frameworks/CFOpenDirectory.framework/Versions/A/CFOpenDirectory
0x000000001c43d000 	/System/Library/Frameworks/SecurityFoundation.framework/Versions/A/SecurityFoundation
0x000000001c43d000 	/System/Library/PrivateFrameworks/APFS.framework/Versions/A/APFS
0x000000001c43d000 	/usr/lib/libutil.dylib
0x000000001c43d000 	/System/Library/PrivateFrameworks/AppleSauce.framework/Versions/A/AppleSauce
0x000000001c43d000 	/System/Library/PrivateFrameworks/LinguisticData.framework/Versions/A/LinguisticData
0x000000001c43d000 	/usr/lib/libmarisa.dylib
0x000000001c43d000 	/System/Library/PrivateFrameworks/Lexicon.framework/Versions/A/Lexicon
0x000000001c43d000 	/usr/lib/libChineseTokenizer.dylib
0x000000001c43d000 	/usr/lib/libcmph.dylib
0x000000001c43d000 	/System/Library/PrivateFrameworks/LanguageModeling.framework/Versions/A/LanguageModeling
0x000000001c43d000 	/System/Library/PrivateFrameworks/CoreEmoji.framework/Versions/A/CoreEmoji
0x000000001c43d000 	/System/Library/Frameworks/ServiceManagement.framework/Versions/A/ServiceManagement
0x000000001c43d000 	/System/Library/PrivateFrameworks/BackgroundTaskManagement.framework/Versions/A/BackgroundTaskManagement
0x000000001c43d000 	/usr/lib/libxslt.1.dylib
0x000000001c43d000 	/System/Library/Frameworks/Carbon.framework/Versions/A/Frameworks/Ink.framework/Versions/A/Ink
0x000000001c43d000 	/System/Library/PrivateFrameworks/TextureIO.framework/Versions/A/TextureIO
0x000000001c43d000 	/usr/lib/libate.dylib
0x000000001c43d000 	/System/Library/PrivateFrameworks/CrashReporterSupport.framework/Versions/A/CrashReporterSupport
0x000000001c43d000 	/System/Library/PrivateFrameworks/Sharing.framework/Versions/A/Sharing
0x000000001c43d000 	/System/Library/PrivateFrameworks/IconServices.framework/Versions/A/IconServices
0x000000001c43d000 	/System/Library/PrivateFrameworks/Apple80211.framework/Versions/A/Apple80211
0x000000001c43d000 	/System/Library/PrivateFrameworks/CoreUtils.framework/Versions/A/CoreUtils
0x000000001c43d000 	/System/Library/Frameworks/CoreWLAN.framework/Versions/A/CoreWLAN
0x000000001c43d000 	/System/Library/Frameworks/IOBluetooth.framework/Versions/A/IOBluetooth
0x000000001c43d000 	/System/Library/PrivateFrameworks/ProtocolBuffer.framework/Versions/A/ProtocolBuffer
0x000000001c43d000 	/System/Library/PrivateFrameworks/CoreWiFi.framework/Versions/A/CoreWiFi
0x000000001c43d000 	/System/Library/Frameworks/CoreBluetooth.framework/Versions/A/CoreBluetooth
0x000000001c43d000 	/System/Library/PrivateFrameworks/DebugSymbols.framework/Versions/A/DebugSymbols
0x000000001c43d000 	/System/Library/PrivateFrameworks/CoreSymbolication.framework/Versions/A/CoreSymbolication
0x000000001c43d000 	/System/Library/PrivateFrameworks/Symbolication.framework/Versions/A/Symbolication
0x000000001c43d000 	/System/Library/PrivateFrameworks/AppleFSCompression.framework/Versions/A/AppleFSCompression
0x000000001c43d000 	/System/Library/PrivateFrameworks/SpeechRecognitionCore.framework/Versions/A/SpeechRecognitionCore
0x0000000100a00000 	/Library/Java/JavaVirtualMachines/jdk1.8.0_65.jdk/Contents/Home/jre/lib/server/libjvm.dylib
0x000000001c43d000 	/usr/lib/libstdc++.6.0.9.dylib
0x000000010011d000 	/Library/Java/JavaVirtualMachines/jdk1.8.0_65.jdk/Contents/Home/jre/lib/libverify.dylib
0x000000010012b000 	/Library/Java/JavaVirtualMachines/jdk1.8.0_65.jdk/Contents/Home/jre/lib/libjava.dylib
0x0000000100161000 	/Library/Java/JavaVirtualMachines/jdk1.8.0_65.jdk/Contents/Home/jre/lib/libjdwp.dylib
0x00000001001ac000 	/Library/Java/JavaVirtualMachines/jdk1.8.0_65.jdk/Contents/Home/jre/lib/libnpt.dylib
0x0000000101989000 	/Library/Java/JavaVirtualMachines/jdk1.8.0_65.jdk/Contents/Home/jre/lib/libzip.dylib
0x000000001c43d000 	/System/Library/Frameworks/JavaVM.framework/Versions/A/Frameworks/JavaRuntimeSupport.framework/Versions/A/JavaRuntimeSupport
0x000000001c43d000 	/System/Library/Frameworks/JavaVM.framework/Versions/A/Frameworks/JavaNativeFoundation.framework/Versions/A/JavaNativeFoundation
0x000000001c43d000 	/System/Library/Frameworks/JavaVM.framework/Versions/A/JavaVM
0x000000001c43d000 	/System/Library/Frameworks/Carbon.framework/Versions/A/Carbon
0x000000001c43d000 	/System/Library/PrivateFrameworks/JavaLaunching.framework/Versions/A/JavaLaunching
0x000000001c43d000 	/System/Library/Frameworks/Carbon.framework/Versions/A/Frameworks/CommonPanels.framework/Versions/A/CommonPanels
0x000000001c43d000 	/System/Library/Frameworks/Carbon.framework/Versions/A/Frameworks/Help.framework/Versions/A/Help
0x000000001c43d000 	/System/Library/Frameworks/Carbon.framework/Versions/A/Frameworks/ImageCapture.framework/Versions/A/ImageCapture
0x000000001c43d000 	/System/Library/Frameworks/Carbon.framework/Versions/A/Frameworks/OpenScripting.framework/Versions/A/OpenScripting
0x000000001c43d000 	/System/Library/Frameworks/Carbon.framework/Versions/A/Frameworks/Print.framework/Versions/A/Print
0x000000001c43d000 	/System/Library/Frameworks/Carbon.framework/Versions/A/Frameworks/SecurityHI.framework/Versions/A/SecurityHI
0x0000000107717000 	/Library/Java/JavaVirtualMachines/jdk1.8.0_65.jdk/Contents/Home/jre/lib/libdt_socket.dylib
0x0000000107d76000 	/Library/Java/JavaVirtualMachines/jdk1.8.0_65.jdk/Contents/Home/jre/lib/libmanagement.dylib
0x0000000107d84000 	/Library/Java/JavaVirtualMachines/jdk1.8.0_65.jdk/Contents/Home/jre/lib/libnet.dylib
0x0000000107b91000 	/Library/Java/JavaVirtualMachines/jdk1.8.0_65.jdk/Contents/Home/jre/lib/libnio.dylib

VM Arguments:
jvm_args: -agentlib:jdwp=transport=dt_socket,suspend=y,address=localhost:58730 -Dfile.encoding=UTF-8 
java_command: com.avenuecode.Application
java_class_path (initial): /Users/erickmob/git/java-challenge-ac001/target/classes:/Users/erickmob/.m2/repository/org/springframework/boot/spring-boot-starter-data-jpa/1.5.10.RELEASE/spring-boot-starter-data-jpa-1.5.10.RELEASE.jar:/Users/erickmob/.m2/repository/org/springframework/boot/spring-boot-starter/1.5.10.RELEASE/spring-boot-starter-1.5.10.RELEASE.jar:/Users/erickmob/.m2/repository/org/springframework/boot/spring-boot/1.5.10.RELEASE/spring-boot-1.5.10.RELEASE.jar:/Users/erickmob/.m2/repository/org/springframework/boot/spring-boot-autoconfigure/1.5.10.RELEASE/spring-boot-autoconfigure-1.5.10.RELEASE.jar:/Users/erickmob/.m2/repository/org/springframework/boot/spring-boot-starter-logging/1.5.10.RELEASE/spring-boot-starter-logging-1.5.10.RELEASE.jar:/Users/erickmob/.m2/repository/ch/qos/logback/logback-classic/1.1.11/logback-classic-1.1.11.jar:/Users/erickmob/.m2/repository/ch/qos/logback/logback-core/1.1.11/logback-core-1.1.11.jar:/Users/erickmob/.m2/repository/org/slf4j/jul-to-slf4j/1.7.25/jul-to-slf4j-1.7.25.jar:/Users/erickmob/.m2/repository/org/slf4j/log4j-over-slf4j/1.7.25/log4j-over-slf4j-1.7.25.jar:/Users/erickmob/.m2/repository/org/yaml/snakeyaml/1.17/snakeyaml-1.17.jar:/Users/erickmob/.m2/repository/org/springframework/boot/spring-boot-starter-aop/1.5.10.RELEASE/spring-boot-starter-aop-1.5.10.RELEASE.jar:/Users/erickmob/.m2/repository/org/springframework/spring-aop/4.3.14.RELEASE/spring-aop-4.3.14.RELEASE.jar:/Users/erickmob/.m2/repository/org/aspectj/aspectjweaver/1.8.13/aspectjweaver-1.8.13.jar:/Users/erickmob/.m2/repository/org/springframework/boot/spring-boot-starter-jdbc/1.5.10.RELEASE/spring-boot-starter-jdbc-1.5.10.RELEASE.jar:/Users/erickmob/.m2/repository/org/apache/tomcat/tomcat-jdbc/8.5.27/tomcat-jdbc-8.5.27.jar:/Users/erickmob/.m2/repository/org/apache/tomcat/tomcat-juli/8.5.27/tomcat-juli-8.5.27.jar:/Users/erickmob/.m2/repository/org/springframework/spring-jdbc/4.3.14.RELEASE/spring-jdbc-4.3.14.RELEASE.jar:/Users/erickmob/.m2/repository/o
Launcher Type: SUN_STANDARD

Environment Variables:
PATH=/usr/bin:/bin:/usr/sbin:/sbin
SHELL=/bin/bash

Signal Handlers:
SIGSEGV: [libjvm.dylib+0x5a6d31], sa_mask[0]=11111111011111110111111111111111, sa_flags=SA_ONSTACK|SA_RESTART|SA_SIGINFO
SIGBUS: [libjvm.dylib+0x5a6d31], sa_mask[0]=11111111011111110111111111111111, sa_flags=SA_RESTART|SA_SIGINFO
SIGFPE: [libjvm.dylib+0x480a40], sa_mask[0]=11111111011111110111111111111111, sa_flags=SA_RESTART|SA_SIGINFO
SIGPIPE: [libjvm.dylib+0x480a40], sa_mask[0]=11111111011111110111111111111111, sa_flags=SA_RESTART|SA_SIGINFO
SIGXFSZ: [libjvm.dylib+0x480a40], sa_mask[0]=11111111011111110111111111111111, sa_flags=SA_RESTART|SA_SIGINFO
SIGILL: [libjvm.dylib+0x480a40], sa_mask[0]=11111111011111110111111111111111, sa_flags=SA_RESTART|SA_SIGINFO
SIGUSR1: SIG_DFL, sa_mask[0]=00000000000000000000000000000000, sa_flags=none
SIGUSR2: [libjvm.dylib+0x48055e], sa_mask[0]=00100000000000000000000000000000, sa_flags=SA_RESTART|SA_SIGINFO
SIGHUP: [libjvm.dylib+0x47eb35], sa_mask[0]=11111111011111110111111111111111, sa_flags=SA_RESTART|SA_SIGINFO
SIGINT: [libjvm.dylib+0x47eb35], sa_mask[0]=11111111011111110111111111111111, sa_flags=SA_RESTART|SA_SIGINFO
SIGTERM: [libjvm.dylib+0x47eb35], sa_mask[0]=11111111011111110111111111111111, sa_flags=SA_RESTART|SA_SIGINFO
SIGQUIT: [libjvm.dylib+0x47eb35], sa_mask[0]=11111111011111110111111111111111, sa_flags=SA_RESTART|SA_SIGINFO


---------------  S Y S T E M  ---------------

OS:Bsduname:Darwin 17.5.0 Darwin Kernel Version 17.5.0: Fri Apr 13 19:32:32 PDT 2018; root:xnu-4570.51.2~1/RELEASE_X86_64 x86_64
rlimit: STACK 8192k, CORE 0k, NPROC 709, NOFILE 10240, AS infinity
load average:52.28 19.41 9.51

CPU:total 4 (2 cores per cpu, 2 threads per core) family 6 model 69 stepping 1, cmov, cx8, fxsr, mmx, sse, sse2, sse3, ssse3, sse4.1, sse4.2, popcnt, avx, avx2, aes, clmul, erms, lzcnt, ht, tsc, tscinvbit, bmi1, bmi2

Memory: 4k page, physical 4194304k(30876k free)

/proc/meminfo:


vm_info: Java HotSpot(TM) 64-Bit Server VM (25.65-b01) for bsd-amd64 JRE (1.8.0_65-b17), built on Oct  6 2015 15:36:46 by "java_re" with gcc 4.2.1 (Based on Apple Inc. build 5658) (LLVM build 2336.11.00)

time: Sun Jul  8 15:02:44 2018
elapsed time: 451 seconds (0d 0h 7m 31s)

